<?xml version="1.0" encoding="UTF-8"?>
<testng-results ignored="0" total="4" passed="4" failed="0" skipped="0">
  <reporter-output>
  </reporter-output>
  <suite started-at="2020-07-29T14:47:36Z" name="Herolo Site" finished-at="2020-07-29T14:47:56Z" duration-ms="20081">
    <groups>
    </groups>
    <test started-at="2020-07-29T14:47:36Z" name="Herolo Test" finished-at="2020-07-29T14:47:56Z" duration-ms="20081">
      <class name="Herolo">
        <test-method is-config="true" signature="definitions()[pri:0, instance:Herolo@7e2d773b]" started-at="2020-07-29T17:47:36Z" name="definitions" finished-at="2020-07-29T17:47:41Z" duration-ms="5369" status="PASS">
          <reporter-output>
          </reporter-output>
        </test-method> <!-- definitions -->
        <test-method signature="mainPage()[pri:0, instance:Herolo@7e2d773b]" started-at="2020-07-29T17:47:41Z" name="mainPage" finished-at="2020-07-29T17:47:47Z" duration-ms="5579" status="PASS">
          <reporter-output>
          </reporter-output>
        </test-method> <!-- mainPage -->
        <test-method signature="helpPage()[pri:1, instance:Herolo@7e2d773b]" started-at="2020-07-29T17:47:47Z" name="helpPage" finished-at="2020-07-29T17:47:54Z" duration-ms="6803" status="PASS">
          <reporter-output>
          </reporter-output>
        </test-method> <!-- helpPage -->
        <test-method signature="whatsApp()[pri:2, instance:Herolo@7e2d773b]" started-at="2020-07-29T17:47:54Z" name="whatsApp" finished-at="2020-07-29T17:47:56Z" duration-ms="1832" status="PASS">
          <reporter-output>
          </reporter-output>
        </test-method> <!-- whatsApp -->
        <test-method signature="textCheckMainPage()[pri:4, instance:Herolo@7e2d773b]" started-at="2020-07-29T17:47:56Z" name="textCheckMainPage" finished-at="2020-07-29T17:47:56Z" duration-ms="269" status="PASS">
          <reporter-output>
          </reporter-output>
        </test-method> <!-- textCheckMainPage -->
        <test-method is-config="true" signature="quit()[pri:0, instance:Herolo@7e2d773b]" started-at="2020-07-29T17:47:56Z" name="quit" finished-at="2020-07-29T17:47:56Z" duration-ms="211" status="PASS">
          <reporter-output>
          </reporter-output>
        </test-method> <!-- quit -->
      </class> <!-- Herolo -->
    </test> <!-- Herolo Test -->
  </suite> <!-- Herolo Site -->
</testng-results>
